<?xml version="1.0" encoding="UTF-8"?>
<testsuite name="com.aor.numbers.ListDeduplicatorTest" tests="2" skipped="0" failures="0" errors="0" timestamp="2023-10-27T20:20:43" hostname="miguel-HP-Laptop-15s-eq2xxx" time="0.005">
  <properties/>
  <testcase name="deduplicate_1242()" classname="com.aor.numbers.ListDeduplicatorTest" time="0.003"/>
  <testcase name="deduplicate()" classname="com.aor.numbers.ListDeduplicatorTest" time="0.001"/>
  <system-out><![CDATA[]]></system-out>
  <system-err><![CDATA[]]></system-err>
</testsuite>
