<?xml version="1.0" encoding="UTF-8"?>
<testsuite name="com.aor.numbers.ListSorterTest" tests="2" skipped="0" failures="0" errors="0" timestamp="2023-12-07T22:06:35" hostname="miguel-HP-Laptop-15s-eq2xxx" time="0.026">
  <properties/>
  <testcase name="sort()" classname="com.aor.numbers.ListSorterTest" time="0.023"/>
  <testcase name="bug_sort_8276()" classname="com.aor.numbers.ListSorterTest" time="0.001"/>
  <system-out><![CDATA[]]></system-out>
  <system-err><![CDATA[]]></system-err>
</testsuite>
